This file contains any messages produced by compilers while
running configure, to aid debugging if configure makes a mistake.

It was created by mtcp configure 3, which was
generated by GNU Autoconf 2.69.  Invocation command line was

  $ ./configure --enable-netmap CFLAGS= -DMAX_CPUS=1

## --------- ##
## Platform. ##
## --------- ##

hostname = rahul2514888
uname -m = x86_64
uname -r = 4.4.0-116-generic
uname -s = Linux
uname -v = #140~14.04.1-Ubuntu SMP Fri Feb 16 09:25:20 UTC 2018

/usr/bin/uname -p = unknown
/bin/uname -X     = unknown

/bin/arch              = unknown
/usr/bin/arch -k       = unknown
/usr/convex/getsysinfo = unknown
/usr/bin/hostinfo      = unknown
/bin/machine           = unknown
/usr/bin/oslevel       = unknown
/bin/universe          = unknown

PATH: /usr/local/sbin
PATH: /usr/local/bin
PATH: /usr/sbin
PATH: /usr/bin
PATH: /sbin
PATH: /bin
PATH: /snap/bin


## ----------- ##
## Core tests. ##
## ----------- ##

configure:2412: checking for gcc
configure:2428: found /usr/bin/gcc
configure:2439: result: gcc
configure:2668: checking for C compiler version
configure:2677: gcc --version >&5
gcc (Ubuntu 4.8.4-2ubuntu1~14.04.4) 4.8.4
Copyright (C) 2013 Free Software Foundation, Inc.
This is free software; see the source for copying conditions.  There is NO
warranty; not even for MERCHANTABILITY or FITNESS FOR A PARTICULAR PURPOSE.

configure:2688: $? = 0
configure:2677: gcc -v >&5
Using built-in specs.
COLLECT_GCC=gcc
COLLECT_LTO_WRAPPER=/usr/lib/gcc/x86_64-linux-gnu/4.8/lto-wrapper
Target: x86_64-linux-gnu
Configured with: ../src/configure -v --with-pkgversion='Ubuntu 4.8.4-2ubuntu1~14.04.4' --with-bugurl=file:///usr/share/doc/gcc-4.8/README.Bugs --enable-languages=c,c++,java,go,d,fortran,objc,obj-c++ --prefix=/usr --program-suffix=-4.8 --enable-shared --enable-linker-build-id --libexecdir=/usr/lib --without-included-gettext --enable-threads=posix --with-gxx-include-dir=/usr/include/c++/4.8 --libdir=/usr/lib --enable-nls --with-sysroot=/ --enable-clocale=gnu --enable-libstdcxx-debug --enable-libstdcxx-time=yes --enable-gnu-unique-object --disable-libmudflap --enable-plugin --with-system-zlib --disable-browser-plugin --enable-java-awt=gtk --enable-gtk-cairo --with-java-home=/usr/lib/jvm/java-1.5.0-gcj-4.8-amd64/jre --enable-java-home --with-jvm-root-dir=/usr/lib/jvm/java-1.5.0-gcj-4.8-amd64 --with-jvm-jar-dir=/usr/lib/jvm-exports/java-1.5.0-gcj-4.8-amd64 --with-arch-directory=amd64 --with-ecj-jar=/usr/share/java/eclipse-ecj.jar --enable-objc-gc --enable-multiarch --disable-werror --with-arch-32=i686 --with-abi=m64 --with-multilib-list=m32,m64,mx32 --with-tune=generic --enable-checking=release --build=x86_64-linux-gnu --host=x86_64-linux-gnu --target=x86_64-linux-gnu
Thread model: posix
gcc version 4.8.4 (Ubuntu 4.8.4-2ubuntu1~14.04.4) 
configure:2688: $? = 0
configure:2677: gcc -V >&5
gcc: error: unrecognized command line option '-V'
gcc: fatal error: no input files
compilation terminated.
configure:2688: $? = 4
configure:2677: gcc -qversion >&5
gcc: error: unrecognized command line option '-qversion'
gcc: fatal error: no input files
compilation terminated.
configure:2688: $? = 4
configure:2708: checking whether the C compiler works
configure:2730: gcc  -DMAX_CPUS=1   conftest.c  >&5
configure:2734: $? = 0
configure:2782: result: yes
configure:2785: checking for C compiler default output file name
configure:2787: result: a.out
configure:2793: checking for suffix of executables
configure:2800: gcc -o conftest  -DMAX_CPUS=1   conftest.c  >&5
configure:2804: $? = 0
configure:2826: result: 
configure:2848: checking whether we are cross compiling
configure:2856: gcc -o conftest  -DMAX_CPUS=1   conftest.c  >&5
configure:2860: $? = 0
configure:2867: ./conftest
configure:2871: $? = 0
configure:2886: result: no
configure:2891: checking for suffix of object files
configure:2913: gcc -c  -DMAX_CPUS=1  conftest.c >&5
configure:2917: $? = 0
configure:2938: result: o
configure:2942: checking whether we are using the GNU C compiler
configure:2961: gcc -c  -DMAX_CPUS=1  conftest.c >&5
configure:2961: $? = 0
configure:2970: result: yes
configure:2979: checking whether gcc accepts -g
configure:2999: gcc -c -g  conftest.c >&5
configure:2999: $? = 0
configure:3040: result: yes
configure:3057: checking for gcc option to accept ISO C89
configure:3120: gcc  -c  -DMAX_CPUS=1  conftest.c >&5
configure:3120: $? = 0
configure:3133: result: none needed
configure:3190: checking whether gcc understands -c and -o together
configure:3212: gcc -c conftest.c -o conftest2.o
configure:3215: $? = 0
configure:3212: gcc -c conftest.c -o conftest2.o
configure:3215: $? = 0
configure:3227: result: yes
configure:3287: checking for ranlib
configure:3303: found /usr/bin/ranlib
configure:3314: result: ranlib
configure:3352: checking how to run the C preprocessor
configure:3383: gcc -E  conftest.c
configure:3383: $? = 0
configure:3397: gcc -E  conftest.c
conftest.c:9:28: fatal error: ac_nonexistent.h: No such file or directory
 #include <ac_nonexistent.h>
                            ^
compilation terminated.
configure:3397: $? = 1
configure: failed program was:
| /* confdefs.h */
| #define PACKAGE_NAME "mtcp"
| #define PACKAGE_TARNAME "mtcp"
| #define PACKAGE_VERSION "3"
| #define PACKAGE_STRING "mtcp 3"
| #define PACKAGE_BUGREPORT "mtcp-user@list.ndsl.kaist.edu"
| #define PACKAGE_URL ""
| /* end confdefs.h.  */
| #include <ac_nonexistent.h>
configure:3422: result: gcc -E
configure:3442: gcc -E  conftest.c
configure:3442: $? = 0
configure:3456: gcc -E  conftest.c
conftest.c:9:28: fatal error: ac_nonexistent.h: No such file or directory
 #include <ac_nonexistent.h>
                            ^
compilation terminated.
configure:3456: $? = 1
configure: failed program was:
| /* confdefs.h */
| #define PACKAGE_NAME "mtcp"
| #define PACKAGE_TARNAME "mtcp"
| #define PACKAGE_VERSION "3"
| #define PACKAGE_STRING "mtcp 3"
| #define PACKAGE_BUGREPORT "mtcp-user@list.ndsl.kaist.edu"
| #define PACKAGE_URL ""
| /* end confdefs.h.  */
| #include <ac_nonexistent.h>
configure:3485: checking for grep that handles long lines and -e
configure:3543: result: /bin/grep
configure:3548: checking for egrep
configure:3610: result: /bin/grep -E
configure:3615: checking for ANSI C header files
configure:3635: gcc -c  -DMAX_CPUS=1  conftest.c >&5
configure:3635: $? = 0
configure:3708: gcc -o conftest  -DMAX_CPUS=1   conftest.c  >&5
configure:3708: $? = 0
configure:3708: ./conftest
configure:3708: $? = 0
configure:3719: result: yes
configure:3732: checking for sys/types.h
configure:3732: gcc -c  -DMAX_CPUS=1  conftest.c >&5
configure:3732: $? = 0
configure:3732: result: yes
configure:3732: checking for sys/stat.h
configure:3732: gcc -c  -DMAX_CPUS=1  conftest.c >&5
configure:3732: $? = 0
configure:3732: result: yes
configure:3732: checking for stdlib.h
configure:3732: gcc -c  -DMAX_CPUS=1  conftest.c >&5
configure:3732: $? = 0
configure:3732: result: yes
configure:3732: checking for string.h
configure:3732: gcc -c  -DMAX_CPUS=1  conftest.c >&5
configure:3732: $? = 0
configure:3732: result: yes
configure:3732: checking for memory.h
configure:3732: gcc -c  -DMAX_CPUS=1  conftest.c >&5
configure:3732: $? = 0
configure:3732: result: yes
configure:3732: checking for strings.h
configure:3732: gcc -c  -DMAX_CPUS=1  conftest.c >&5
configure:3732: $? = 0
configure:3732: result: yes
configure:3732: checking for inttypes.h
configure:3732: gcc -c  -DMAX_CPUS=1  conftest.c >&5
configure:3732: $? = 0
configure:3732: result: yes
configure:3732: checking for stdint.h
configure:3732: gcc -c  -DMAX_CPUS=1  conftest.c >&5
configure:3732: $? = 0
configure:3732: result: yes
configure:3732: checking for unistd.h
configure:3732: gcc -c  -DMAX_CPUS=1  conftest.c >&5
configure:3732: $? = 0
configure:3732: result: yes
configure:3747: checking linux/sched.h usability
configure:3747: gcc -c  -DMAX_CPUS=1  conftest.c >&5
configure:3747: $? = 0
configure:3747: result: yes
configure:3747: checking linux/sched.h presence
configure:3747: gcc -E  conftest.c
configure:3747: $? = 0
configure:3747: result: yes
configure:3747: checking for linux/sched.h
configure:3747: result: yes
configure:3747: checking pthread.h usability
configure:3747: gcc -c  -DMAX_CPUS=1  conftest.c >&5
configure:3747: $? = 0
configure:3747: result: yes
configure:3747: checking pthread.h presence
configure:3747: gcc -E  conftest.c
configure:3747: $? = 0
configure:3747: result: yes
configure:3747: checking for pthread.h
configure:3747: result: yes
configure:3747: checking numa.h usability
configure:3747: gcc -c  -DMAX_CPUS=1  conftest.c >&5
configure:3747: $? = 0
configure:3747: result: yes
configure:3747: checking numa.h presence
configure:3747: gcc -E  conftest.c
configure:3747: $? = 0
configure:3747: result: yes
configure:3747: checking for numa.h
configure:3747: result: yes
configure:3747: checking arpa/inet.h usability
configure:3747: gcc -c  -DMAX_CPUS=1  conftest.c >&5
configure:3747: $? = 0
configure:3747: result: yes
configure:3747: checking arpa/inet.h presence
configure:3747: gcc -E  conftest.c
configure:3747: $? = 0
configure:3747: result: yes
configure:3747: checking for arpa/inet.h
configure:3747: result: yes
configure:3747: checking fcntl.h usability
configure:3747: gcc -c  -DMAX_CPUS=1  conftest.c >&5
configure:3747: $? = 0
configure:3747: result: yes
configure:3747: checking fcntl.h presence
configure:3747: gcc -E  conftest.c
configure:3747: $? = 0
configure:3747: result: yes
configure:3747: checking for fcntl.h
configure:3747: result: yes
configure:3747: checking limits.h usability
configure:3747: gcc -c  -DMAX_CPUS=1  conftest.c >&5
configure:3747: $? = 0
configure:3747: result: yes
configure:3747: checking limits.h presence
configure:3747: gcc -E  conftest.c
configure:3747: $? = 0
configure:3747: result: yes
configure:3747: checking for limits.h
configure:3747: result: yes
configure:3747: checking netdb.h usability
configure:3747: gcc -c  -DMAX_CPUS=1  conftest.c >&5
configure:3747: $? = 0
configure:3747: result: yes
configure:3747: checking netdb.h presence
configure:3747: gcc -E  conftest.c
configure:3747: $? = 0
configure:3747: result: yes
configure:3747: checking for netdb.h
configure:3747: result: yes
configure:3747: checking netinet/in.h usability
configure:3747: gcc -c  -DMAX_CPUS=1  conftest.c >&5
configure:3747: $? = 0
configure:3747: result: yes
configure:3747: checking netinet/in.h presence
configure:3747: gcc -E  conftest.c
configure:3747: $? = 0
configure:3747: result: yes
configure:3747: checking for netinet/in.h
configure:3747: result: yes
configure:3747: checking for stdint.h
configure:3747: result: yes
configure:3747: checking for stdlib.h
configure:3747: result: yes
configure:3747: checking for string.h
configure:3747: result: yes
configure:3747: checking sys/ioctl.h usability
configure:3747: gcc -c  -DMAX_CPUS=1  conftest.c >&5
configure:3747: $? = 0
configure:3747: result: yes
configure:3747: checking sys/ioctl.h presence
configure:3747: gcc -E  conftest.c
configure:3747: $? = 0
configure:3747: result: yes
configure:3747: checking for sys/ioctl.h
configure:3747: result: yes
configure:3747: checking sys/socket.h usability
configure:3747: gcc -c  -DMAX_CPUS=1  conftest.c >&5
configure:3747: $? = 0
configure:3747: result: yes
configure:3747: checking sys/socket.h presence
configure:3747: gcc -E  conftest.c
configure:3747: $? = 0
configure:3747: result: yes
configure:3747: checking for sys/socket.h
configure:3747: result: yes
configure:3747: checking sys/time.h usability
configure:3747: gcc -c  -DMAX_CPUS=1  conftest.c >&5
configure:3747: $? = 0
configure:3747: result: yes
configure:3747: checking sys/time.h presence
configure:3747: gcc -E  conftest.c
configure:3747: $? = 0
configure:3747: result: yes
configure:3747: checking for sys/time.h
configure:3747: result: yes
configure:3747: checking for unistd.h
configure:3747: result: yes
configure:3747: checking gmp.h usability
configure:3747: gcc -c  -DMAX_CPUS=1  conftest.c >&5
conftest.c:67:17: fatal error: gmp.h: No such file or directory
 #include <gmp.h>
                 ^
compilation terminated.
configure:3747: $? = 1
configure: failed program was:
| /* confdefs.h */
| #define PACKAGE_NAME "mtcp"
| #define PACKAGE_TARNAME "mtcp"
| #define PACKAGE_VERSION "3"
| #define PACKAGE_STRING "mtcp 3"
| #define PACKAGE_BUGREPORT "mtcp-user@list.ndsl.kaist.edu"
| #define PACKAGE_URL ""
| #define STDC_HEADERS 1
| #define HAVE_SYS_TYPES_H 1
| #define HAVE_SYS_STAT_H 1
| #define HAVE_STDLIB_H 1
| #define HAVE_STRING_H 1
| #define HAVE_MEMORY_H 1
| #define HAVE_STRINGS_H 1
| #define HAVE_INTTYPES_H 1
| #define HAVE_STDINT_H 1
| #define HAVE_UNISTD_H 1
| #define HAVE_LINUX_SCHED_H 1
| #define HAVE_PTHREAD_H 1
| #define HAVE_NUMA_H 1
| #define HAVE_ARPA_INET_H 1
| #define HAVE_FCNTL_H 1
| #define HAVE_LIMITS_H 1
| #define HAVE_NETDB_H 1
| #define HAVE_NETINET_IN_H 1
| #define HAVE_STDINT_H 1
| #define HAVE_STDLIB_H 1
| #define HAVE_STRING_H 1
| #define HAVE_SYS_IOCTL_H 1
| #define HAVE_SYS_SOCKET_H 1
| #define HAVE_SYS_TIME_H 1
| #define HAVE_UNISTD_H 1
| /* end confdefs.h.  */
| #include <stdio.h>
| #ifdef HAVE_SYS_TYPES_H
| # include <sys/types.h>
| #endif
| #ifdef HAVE_SYS_STAT_H
| # include <sys/stat.h>
| #endif
| #ifdef STDC_HEADERS
| # include <stdlib.h>
| # include <stddef.h>
| #else
| # ifdef HAVE_STDLIB_H
| #  include <stdlib.h>
| # endif
| #endif
| #ifdef HAVE_STRING_H
| # if !defined STDC_HEADERS && defined HAVE_MEMORY_H
| #  include <memory.h>
| # endif
| # include <string.h>
| #endif
| #ifdef HAVE_STRINGS_H
| # include <strings.h>
| #endif
| #ifdef HAVE_INTTYPES_H
| # include <inttypes.h>
| #endif
| #ifdef HAVE_STDINT_H
| # include <stdint.h>
| #endif
| #ifdef HAVE_UNISTD_H
| # include <unistd.h>
| #endif
| #include <gmp.h>
configure:3747: result: no
configure:3747: checking gmp.h presence
configure:3747: gcc -E  conftest.c
conftest.c:34:17: fatal error: gmp.h: No such file or directory
 #include <gmp.h>
                 ^
compilation terminated.
configure:3747: $? = 1
configure: failed program was:
| /* confdefs.h */
| #define PACKAGE_NAME "mtcp"
| #define PACKAGE_TARNAME "mtcp"
| #define PACKAGE_VERSION "3"
| #define PACKAGE_STRING "mtcp 3"
| #define PACKAGE_BUGREPORT "mtcp-user@list.ndsl.kaist.edu"
| #define PACKAGE_URL ""
| #define STDC_HEADERS 1
| #define HAVE_SYS_TYPES_H 1
| #define HAVE_SYS_STAT_H 1
| #define HAVE_STDLIB_H 1
| #define HAVE_STRING_H 1
| #define HAVE_MEMORY_H 1
| #define HAVE_STRINGS_H 1
| #define HAVE_INTTYPES_H 1
| #define HAVE_STDINT_H 1
| #define HAVE_UNISTD_H 1
| #define HAVE_LINUX_SCHED_H 1
| #define HAVE_PTHREAD_H 1
| #define HAVE_NUMA_H 1
| #define HAVE_ARPA_INET_H 1
| #define HAVE_FCNTL_H 1
| #define HAVE_LIMITS_H 1
| #define HAVE_NETDB_H 1
| #define HAVE_NETINET_IN_H 1
| #define HAVE_STDINT_H 1
| #define HAVE_STDLIB_H 1
| #define HAVE_STRING_H 1
| #define HAVE_SYS_IOCTL_H 1
| #define HAVE_SYS_SOCKET_H 1
| #define HAVE_SYS_TIME_H 1
| #define HAVE_UNISTD_H 1
| /* end confdefs.h.  */
| #include <gmp.h>
configure:3747: result: no
configure:3747: checking for gmp.h
configure:3747: result: no
configure:3767: checking for inline
configure:3783: gcc -c  -DMAX_CPUS=1  conftest.c >&5
configure:3783: $? = 0
configure:3791: result: inline
configure:3809: checking for int16_t
configure:3809: gcc -c  -DMAX_CPUS=1  conftest.c >&5
configure:3809: $? = 0
configure:3809: gcc -c  -DMAX_CPUS=1  conftest.c >&5
conftest.c: In function 'main':
conftest.c:71:12: error: size of array 'test_array' is negative
 static int test_array [1 - 2 * !((int16_t) (((((int16_t) 1 << N) << N) - 1) * 2 + 1)
            ^
configure:3809: $? = 1
configure: failed program was:
| /* confdefs.h */
| #define PACKAGE_NAME "mtcp"
| #define PACKAGE_TARNAME "mtcp"
| #define PACKAGE_VERSION "3"
| #define PACKAGE_STRING "mtcp 3"
| #define PACKAGE_BUGREPORT "mtcp-user@list.ndsl.kaist.edu"
| #define PACKAGE_URL ""
| #define STDC_HEADERS 1
| #define HAVE_SYS_TYPES_H 1
| #define HAVE_SYS_STAT_H 1
| #define HAVE_STDLIB_H 1
| #define HAVE_STRING_H 1
| #define HAVE_MEMORY_H 1
| #define HAVE_STRINGS_H 1
| #define HAVE_INTTYPES_H 1
| #define HAVE_STDINT_H 1
| #define HAVE_UNISTD_H 1
| #define HAVE_LINUX_SCHED_H 1
| #define HAVE_PTHREAD_H 1
| #define HAVE_NUMA_H 1
| #define HAVE_ARPA_INET_H 1
| #define HAVE_FCNTL_H 1
| #define HAVE_LIMITS_H 1
| #define HAVE_NETDB_H 1
| #define HAVE_NETINET_IN_H 1
| #define HAVE_STDINT_H 1
| #define HAVE_STDLIB_H 1
| #define HAVE_STRING_H 1
| #define HAVE_SYS_IOCTL_H 1
| #define HAVE_SYS_SOCKET_H 1
| #define HAVE_SYS_TIME_H 1
| #define HAVE_UNISTD_H 1
| /* end confdefs.h.  */
| #include <stdio.h>
| #ifdef HAVE_SYS_TYPES_H
| # include <sys/types.h>
| #endif
| #ifdef HAVE_SYS_STAT_H
| # include <sys/stat.h>
| #endif
| #ifdef STDC_HEADERS
| # include <stdlib.h>
| # include <stddef.h>
| #else
| # ifdef HAVE_STDLIB_H
| #  include <stdlib.h>
| # endif
| #endif
| #ifdef HAVE_STRING_H
| # if !defined STDC_HEADERS && defined HAVE_MEMORY_H
| #  include <memory.h>
| # endif
| # include <string.h>
| #endif
| #ifdef HAVE_STRINGS_H
| # include <strings.h>
| #endif
| #ifdef HAVE_INTTYPES_H
| # include <inttypes.h>
| #endif
| #ifdef HAVE_STDINT_H
| # include <stdint.h>
| #endif
| #ifdef HAVE_UNISTD_H
| # include <unistd.h>
| #endif
| 	        enum { N = 16 / 2 - 1 };
| int
| main ()
| {
| static int test_array [1 - 2 * !((int16_t) (((((int16_t) 1 << N) << N) - 1) * 2 + 1)
| 		 < (int16_t) (((((int16_t) 1 << N) << N) - 1) * 2 + 2))];
| test_array [0] = 0;
| return test_array [0];
| 
|   ;
|   return 0;
| }
configure:3809: result: yes
configure:3820: checking for int32_t
configure:3820: gcc -c  -DMAX_CPUS=1  conftest.c >&5
configure:3820: $? = 0
configure:3820: gcc -c  -DMAX_CPUS=1  conftest.c >&5
conftest.c: In function 'main':
conftest.c:72:53: warning: integer overflow in expression [-Woverflow]
    < (int32_t) (((((int32_t) 1 << N) << N) - 1) * 2 + 2))];
                                                     ^
conftest.c:71:12: error: storage size of 'test_array' isn't constant
 static int test_array [1 - 2 * !((int32_t) (((((int32_t) 1 << N) << N) - 1) * 2 + 1)
            ^
configure:3820: $? = 1
configure: failed program was:
| /* confdefs.h */
| #define PACKAGE_NAME "mtcp"
| #define PACKAGE_TARNAME "mtcp"
| #define PACKAGE_VERSION "3"
| #define PACKAGE_STRING "mtcp 3"
| #define PACKAGE_BUGREPORT "mtcp-user@list.ndsl.kaist.edu"
| #define PACKAGE_URL ""
| #define STDC_HEADERS 1
| #define HAVE_SYS_TYPES_H 1
| #define HAVE_SYS_STAT_H 1
| #define HAVE_STDLIB_H 1
| #define HAVE_STRING_H 1
| #define HAVE_MEMORY_H 1
| #define HAVE_STRINGS_H 1
| #define HAVE_INTTYPES_H 1
| #define HAVE_STDINT_H 1
| #define HAVE_UNISTD_H 1
| #define HAVE_LINUX_SCHED_H 1
| #define HAVE_PTHREAD_H 1
| #define HAVE_NUMA_H 1
| #define HAVE_ARPA_INET_H 1
| #define HAVE_FCNTL_H 1
| #define HAVE_LIMITS_H 1
| #define HAVE_NETDB_H 1
| #define HAVE_NETINET_IN_H 1
| #define HAVE_STDINT_H 1
| #define HAVE_STDLIB_H 1
| #define HAVE_STRING_H 1
| #define HAVE_SYS_IOCTL_H 1
| #define HAVE_SYS_SOCKET_H 1
| #define HAVE_SYS_TIME_H 1
| #define HAVE_UNISTD_H 1
| /* end confdefs.h.  */
| #include <stdio.h>
| #ifdef HAVE_SYS_TYPES_H
| # include <sys/types.h>
| #endif
| #ifdef HAVE_SYS_STAT_H
| # include <sys/stat.h>
| #endif
| #ifdef STDC_HEADERS
| # include <stdlib.h>
| # include <stddef.h>
| #else
| # ifdef HAVE_STDLIB_H
| #  include <stdlib.h>
| # endif
| #endif
| #ifdef HAVE_STRING_H
| # if !defined STDC_HEADERS && defined HAVE_MEMORY_H
| #  include <memory.h>
| # endif
| # include <string.h>
| #endif
| #ifdef HAVE_STRINGS_H
| # include <strings.h>
| #endif
| #ifdef HAVE_INTTYPES_H
| # include <inttypes.h>
| #endif
| #ifdef HAVE_STDINT_H
| # include <stdint.h>
| #endif
| #ifdef HAVE_UNISTD_H
| # include <unistd.h>
| #endif
| 	        enum { N = 32 / 2 - 1 };
| int
| main ()
| {
| static int test_array [1 - 2 * !((int32_t) (((((int32_t) 1 << N) << N) - 1) * 2 + 1)
| 		 < (int32_t) (((((int32_t) 1 << N) << N) - 1) * 2 + 2))];
| test_array [0] = 0;
| return test_array [0];
| 
|   ;
|   return 0;
| }
configure:3820: result: yes
configure:3831: checking for int64_t
configure:3831: gcc -c  -DMAX_CPUS=1  conftest.c >&5
configure:3831: $? = 0
configure:3831: gcc -c  -DMAX_CPUS=1  conftest.c >&5
conftest.c: In function 'main':
conftest.c:72:53: warning: integer overflow in expression [-Woverflow]
    < (int64_t) (((((int64_t) 1 << N) << N) - 1) * 2 + 2))];
                                                     ^
conftest.c:71:12: error: storage size of 'test_array' isn't constant
 static int test_array [1 - 2 * !((int64_t) (((((int64_t) 1 << N) << N) - 1) * 2 + 1)
            ^
configure:3831: $? = 1
configure: failed program was:
| /* confdefs.h */
| #define PACKAGE_NAME "mtcp"
| #define PACKAGE_TARNAME "mtcp"
| #define PACKAGE_VERSION "3"
| #define PACKAGE_STRING "mtcp 3"
| #define PACKAGE_BUGREPORT "mtcp-user@list.ndsl.kaist.edu"
| #define PACKAGE_URL ""
| #define STDC_HEADERS 1
| #define HAVE_SYS_TYPES_H 1
| #define HAVE_SYS_STAT_H 1
| #define HAVE_STDLIB_H 1
| #define HAVE_STRING_H 1
| #define HAVE_MEMORY_H 1
| #define HAVE_STRINGS_H 1
| #define HAVE_INTTYPES_H 1
| #define HAVE_STDINT_H 1
| #define HAVE_UNISTD_H 1
| #define HAVE_LINUX_SCHED_H 1
| #define HAVE_PTHREAD_H 1
| #define HAVE_NUMA_H 1
| #define HAVE_ARPA_INET_H 1
| #define HAVE_FCNTL_H 1
| #define HAVE_LIMITS_H 1
| #define HAVE_NETDB_H 1
| #define HAVE_NETINET_IN_H 1
| #define HAVE_STDINT_H 1
| #define HAVE_STDLIB_H 1
| #define HAVE_STRING_H 1
| #define HAVE_SYS_IOCTL_H 1
| #define HAVE_SYS_SOCKET_H 1
| #define HAVE_SYS_TIME_H 1
| #define HAVE_UNISTD_H 1
| /* end confdefs.h.  */
| #include <stdio.h>
| #ifdef HAVE_SYS_TYPES_H
| # include <sys/types.h>
| #endif
| #ifdef HAVE_SYS_STAT_H
| # include <sys/stat.h>
| #endif
| #ifdef STDC_HEADERS
| # include <stdlib.h>
| # include <stddef.h>
| #else
| # ifdef HAVE_STDLIB_H
| #  include <stdlib.h>
| # endif
| #endif
| #ifdef HAVE_STRING_H
| # if !defined STDC_HEADERS && defined HAVE_MEMORY_H
| #  include <memory.h>
| # endif
| # include <string.h>
| #endif
| #ifdef HAVE_STRINGS_H
| # include <strings.h>
| #endif
| #ifdef HAVE_INTTYPES_H
| # include <inttypes.h>
| #endif
| #ifdef HAVE_STDINT_H
| # include <stdint.h>
| #endif
| #ifdef HAVE_UNISTD_H
| # include <unistd.h>
| #endif
| 	        enum { N = 64 / 2 - 1 };
| int
| main ()
| {
| static int test_array [1 - 2 * !((int64_t) (((((int64_t) 1 << N) << N) - 1) * 2 + 1)
| 		 < (int64_t) (((((int64_t) 1 << N) << N) - 1) * 2 + 2))];
| test_array [0] = 0;
| return test_array [0];
| 
|   ;
|   return 0;
| }
configure:3831: result: yes
configure:3842: checking for int8_t
configure:3842: gcc -c  -DMAX_CPUS=1  conftest.c >&5
configure:3842: $? = 0
configure:3842: gcc -c  -DMAX_CPUS=1  conftest.c >&5
conftest.c: In function 'main':
conftest.c:71:12: error: size of array 'test_array' is negative
 static int test_array [1 - 2 * !((int8_t) (((((int8_t) 1 << N) << N) - 1) * 2 + 1)
            ^
configure:3842: $? = 1
configure: failed program was:
| /* confdefs.h */
| #define PACKAGE_NAME "mtcp"
| #define PACKAGE_TARNAME "mtcp"
| #define PACKAGE_VERSION "3"
| #define PACKAGE_STRING "mtcp 3"
| #define PACKAGE_BUGREPORT "mtcp-user@list.ndsl.kaist.edu"
| #define PACKAGE_URL ""
| #define STDC_HEADERS 1
| #define HAVE_SYS_TYPES_H 1
| #define HAVE_SYS_STAT_H 1
| #define HAVE_STDLIB_H 1
| #define HAVE_STRING_H 1
| #define HAVE_MEMORY_H 1
| #define HAVE_STRINGS_H 1
| #define HAVE_INTTYPES_H 1
| #define HAVE_STDINT_H 1
| #define HAVE_UNISTD_H 1
| #define HAVE_LINUX_SCHED_H 1
| #define HAVE_PTHREAD_H 1
| #define HAVE_NUMA_H 1
| #define HAVE_ARPA_INET_H 1
| #define HAVE_FCNTL_H 1
| #define HAVE_LIMITS_H 1
| #define HAVE_NETDB_H 1
| #define HAVE_NETINET_IN_H 1
| #define HAVE_STDINT_H 1
| #define HAVE_STDLIB_H 1
| #define HAVE_STRING_H 1
| #define HAVE_SYS_IOCTL_H 1
| #define HAVE_SYS_SOCKET_H 1
| #define HAVE_SYS_TIME_H 1
| #define HAVE_UNISTD_H 1
| /* end confdefs.h.  */
| #include <stdio.h>
| #ifdef HAVE_SYS_TYPES_H
| # include <sys/types.h>
| #endif
| #ifdef HAVE_SYS_STAT_H
| # include <sys/stat.h>
| #endif
| #ifdef STDC_HEADERS
| # include <stdlib.h>
| # include <stddef.h>
| #else
| # ifdef HAVE_STDLIB_H
| #  include <stdlib.h>
| # endif
| #endif
| #ifdef HAVE_STRING_H
| # if !defined STDC_HEADERS && defined HAVE_MEMORY_H
| #  include <memory.h>
| # endif
| # include <string.h>
| #endif
| #ifdef HAVE_STRINGS_H
| # include <strings.h>
| #endif
| #ifdef HAVE_INTTYPES_H
| # include <inttypes.h>
| #endif
| #ifdef HAVE_STDINT_H
| # include <stdint.h>
| #endif
| #ifdef HAVE_UNISTD_H
| # include <unistd.h>
| #endif
| 	        enum { N = 8 / 2 - 1 };
| int
| main ()
| {
| static int test_array [1 - 2 * !((int8_t) (((((int8_t) 1 << N) << N) - 1) * 2 + 1)
| 		 < (int8_t) (((((int8_t) 1 << N) << N) - 1) * 2 + 2))];
| test_array [0] = 0;
| return test_array [0];
| 
|   ;
|   return 0;
| }
configure:3842: result: yes
configure:3853: checking for pid_t
configure:3853: gcc -c  -DMAX_CPUS=1  conftest.c >&5
configure:3853: $? = 0
configure:3853: gcc -c  -DMAX_CPUS=1  conftest.c >&5
conftest.c: In function 'main':
conftest.c:70:20: error: expected expression before ')' token
 if (sizeof ((pid_t)))
                    ^
configure:3853: $? = 1
configure: failed program was:
| /* confdefs.h */
| #define PACKAGE_NAME "mtcp"
| #define PACKAGE_TARNAME "mtcp"
| #define PACKAGE_VERSION "3"
| #define PACKAGE_STRING "mtcp 3"
| #define PACKAGE_BUGREPORT "mtcp-user@list.ndsl.kaist.edu"
| #define PACKAGE_URL ""
| #define STDC_HEADERS 1
| #define HAVE_SYS_TYPES_H 1
| #define HAVE_SYS_STAT_H 1
| #define HAVE_STDLIB_H 1
| #define HAVE_STRING_H 1
| #define HAVE_MEMORY_H 1
| #define HAVE_STRINGS_H 1
| #define HAVE_INTTYPES_H 1
| #define HAVE_STDINT_H 1
| #define HAVE_UNISTD_H 1
| #define HAVE_LINUX_SCHED_H 1
| #define HAVE_PTHREAD_H 1
| #define HAVE_NUMA_H 1
| #define HAVE_ARPA_INET_H 1
| #define HAVE_FCNTL_H 1
| #define HAVE_LIMITS_H 1
| #define HAVE_NETDB_H 1
| #define HAVE_NETINET_IN_H 1
| #define HAVE_STDINT_H 1
| #define HAVE_STDLIB_H 1
| #define HAVE_STRING_H 1
| #define HAVE_SYS_IOCTL_H 1
| #define HAVE_SYS_SOCKET_H 1
| #define HAVE_SYS_TIME_H 1
| #define HAVE_UNISTD_H 1
| /* end confdefs.h.  */
| #include <stdio.h>
| #ifdef HAVE_SYS_TYPES_H
| # include <sys/types.h>
| #endif
| #ifdef HAVE_SYS_STAT_H
| # include <sys/stat.h>
| #endif
| #ifdef STDC_HEADERS
| # include <stdlib.h>
| # include <stddef.h>
| #else
| # ifdef HAVE_STDLIB_H
| #  include <stdlib.h>
| # endif
| #endif
| #ifdef HAVE_STRING_H
| # if !defined STDC_HEADERS && defined HAVE_MEMORY_H
| #  include <memory.h>
| # endif
| # include <string.h>
| #endif
| #ifdef HAVE_STRINGS_H
| # include <strings.h>
| #endif
| #ifdef HAVE_INTTYPES_H
| # include <inttypes.h>
| #endif
| #ifdef HAVE_STDINT_H
| # include <stdint.h>
| #endif
| #ifdef HAVE_UNISTD_H
| # include <unistd.h>
| #endif
| int
| main ()
| {
| if (sizeof ((pid_t)))
| 	    return 0;
|   ;
|   return 0;
| }
configure:3853: result: yes
configure:3864: checking for size_t
configure:3864: gcc -c  -DMAX_CPUS=1  conftest.c >&5
configure:3864: $? = 0
configure:3864: gcc -c  -DMAX_CPUS=1  conftest.c >&5
conftest.c: In function 'main':
conftest.c:70:21: error: expected expression before ')' token
 if (sizeof ((size_t)))
                     ^
configure:3864: $? = 1
configure: failed program was:
| /* confdefs.h */
| #define PACKAGE_NAME "mtcp"
| #define PACKAGE_TARNAME "mtcp"
| #define PACKAGE_VERSION "3"
| #define PACKAGE_STRING "mtcp 3"
| #define PACKAGE_BUGREPORT "mtcp-user@list.ndsl.kaist.edu"
| #define PACKAGE_URL ""
| #define STDC_HEADERS 1
| #define HAVE_SYS_TYPES_H 1
| #define HAVE_SYS_STAT_H 1
| #define HAVE_STDLIB_H 1
| #define HAVE_STRING_H 1
| #define HAVE_MEMORY_H 1
| #define HAVE_STRINGS_H 1
| #define HAVE_INTTYPES_H 1
| #define HAVE_STDINT_H 1
| #define HAVE_UNISTD_H 1
| #define HAVE_LINUX_SCHED_H 1
| #define HAVE_PTHREAD_H 1
| #define HAVE_NUMA_H 1
| #define HAVE_ARPA_INET_H 1
| #define HAVE_FCNTL_H 1
| #define HAVE_LIMITS_H 1
| #define HAVE_NETDB_H 1
| #define HAVE_NETINET_IN_H 1
| #define HAVE_STDINT_H 1
| #define HAVE_STDLIB_H 1
| #define HAVE_STRING_H 1
| #define HAVE_SYS_IOCTL_H 1
| #define HAVE_SYS_SOCKET_H 1
| #define HAVE_SYS_TIME_H 1
| #define HAVE_UNISTD_H 1
| /* end confdefs.h.  */
| #include <stdio.h>
| #ifdef HAVE_SYS_TYPES_H
| # include <sys/types.h>
| #endif
| #ifdef HAVE_SYS_STAT_H
| # include <sys/stat.h>
| #endif
| #ifdef STDC_HEADERS
| # include <stdlib.h>
| # include <stddef.h>
| #else
| # ifdef HAVE_STDLIB_H
| #  include <stdlib.h>
| # endif
| #endif
| #ifdef HAVE_STRING_H
| # if !defined STDC_HEADERS && defined HAVE_MEMORY_H
| #  include <memory.h>
| # endif
| # include <string.h>
| #endif
| #ifdef HAVE_STRINGS_H
| # include <strings.h>
| #endif
| #ifdef HAVE_INTTYPES_H
| # include <inttypes.h>
| #endif
| #ifdef HAVE_STDINT_H
| # include <stdint.h>
| #endif
| #ifdef HAVE_UNISTD_H
| # include <unistd.h>
| #endif
| int
| main ()
| {
| if (sizeof ((size_t)))
| 	    return 0;
|   ;
|   return 0;
| }
configure:3864: result: yes
configure:3875: checking for ssize_t
configure:3875: gcc -c  -DMAX_CPUS=1  conftest.c >&5
configure:3875: $? = 0
configure:3875: gcc -c  -DMAX_CPUS=1  conftest.c >&5
conftest.c: In function 'main':
conftest.c:70:22: error: expected expression before ')' token
 if (sizeof ((ssize_t)))
                      ^
configure:3875: $? = 1
configure: failed program was:
| /* confdefs.h */
| #define PACKAGE_NAME "mtcp"
| #define PACKAGE_TARNAME "mtcp"
| #define PACKAGE_VERSION "3"
| #define PACKAGE_STRING "mtcp 3"
| #define PACKAGE_BUGREPORT "mtcp-user@list.ndsl.kaist.edu"
| #define PACKAGE_URL ""
| #define STDC_HEADERS 1
| #define HAVE_SYS_TYPES_H 1
| #define HAVE_SYS_STAT_H 1
| #define HAVE_STDLIB_H 1
| #define HAVE_STRING_H 1
| #define HAVE_MEMORY_H 1
| #define HAVE_STRINGS_H 1
| #define HAVE_INTTYPES_H 1
| #define HAVE_STDINT_H 1
| #define HAVE_UNISTD_H 1
| #define HAVE_LINUX_SCHED_H 1
| #define HAVE_PTHREAD_H 1
| #define HAVE_NUMA_H 1
| #define HAVE_ARPA_INET_H 1
| #define HAVE_FCNTL_H 1
| #define HAVE_LIMITS_H 1
| #define HAVE_NETDB_H 1
| #define HAVE_NETINET_IN_H 1
| #define HAVE_STDINT_H 1
| #define HAVE_STDLIB_H 1
| #define HAVE_STRING_H 1
| #define HAVE_SYS_IOCTL_H 1
| #define HAVE_SYS_SOCKET_H 1
| #define HAVE_SYS_TIME_H 1
| #define HAVE_UNISTD_H 1
| /* end confdefs.h.  */
| #include <stdio.h>
| #ifdef HAVE_SYS_TYPES_H
| # include <sys/types.h>
| #endif
| #ifdef HAVE_SYS_STAT_H
| # include <sys/stat.h>
| #endif
| #ifdef STDC_HEADERS
| # include <stdlib.h>
| # include <stddef.h>
| #else
| # ifdef HAVE_STDLIB_H
| #  include <stdlib.h>
| # endif
| #endif
| #ifdef HAVE_STRING_H
| # if !defined STDC_HEADERS && defined HAVE_MEMORY_H
| #  include <memory.h>
| # endif
| # include <string.h>
| #endif
| #ifdef HAVE_STRINGS_H
| # include <strings.h>
| #endif
| #ifdef HAVE_INTTYPES_H
| # include <inttypes.h>
| #endif
| #ifdef HAVE_STDINT_H
| # include <stdint.h>
| #endif
| #ifdef HAVE_UNISTD_H
| # include <unistd.h>
| #endif
| int
| main ()
| {
| if (sizeof ((ssize_t)))
| 	    return 0;
|   ;
|   return 0;
| }
configure:3875: result: yes
configure:3886: checking for uint16_t
configure:3886: gcc -c  -DMAX_CPUS=1  conftest.c >&5
configure:3886: $? = 0
configure:3886: result: yes
configure:3898: checking for uint32_t
configure:3898: gcc -c  -DMAX_CPUS=1  conftest.c >&5
configure:3898: $? = 0
configure:3898: result: yes
configure:3912: checking for uint64_t
configure:3912: gcc -c  -DMAX_CPUS=1  conftest.c >&5
configure:3912: $? = 0
configure:3912: result: yes
configure:3926: checking for uint8_t
configure:3926: gcc -c  -DMAX_CPUS=1  conftest.c >&5
configure:3926: $? = 0
configure:3926: result: yes
configure:3944: checking for stdlib.h
configure:3944: result: yes
configure:3954: checking for GNU libc compatible malloc
configure:3978: gcc -o conftest  -DMAX_CPUS=1   conftest.c  >&5
configure:3978: $? = 0
configure:3978: ./conftest
configure:3978: $? = 0
configure:3988: result: yes
configure:4015: checking for stdlib.h
configure:4015: result: yes
configure:4015: checking for unistd.h
configure:4015: result: yes
configure:4015: checking for sys/param.h
configure:4015: gcc -c  -DMAX_CPUS=1  conftest.c >&5
configure:4015: $? = 0
configure:4015: result: yes
configure:4035: checking for getpagesize
configure:4035: gcc -o conftest  -DMAX_CPUS=1   conftest.c  >&5
configure:4035: $? = 0
configure:4035: result: yes
configure:4044: checking for working mmap
configure:4191: gcc -o conftest  -DMAX_CPUS=1   conftest.c  >&5
configure:4191: $? = 0
configure:4191: ./conftest
configure:4191: $? = 0
configure:4201: result: yes
configure:4213: checking for bzero
configure:4213: gcc -o conftest  -DMAX_CPUS=1   conftest.c  >&5
conftest.c:64:6: warning: conflicting types for built-in function 'bzero' [enabled by default]
 char bzero ();
      ^
configure:4213: $? = 0
configure:4213: result: yes
configure:4213: checking for clock_gettime
configure:4213: gcc -o conftest  -DMAX_CPUS=1   conftest.c  >&5
configure:4213: $? = 0
configure:4213: result: yes
configure:4213: checking for getpagesize
configure:4213: result: yes
configure:4213: checking for gettimeofday
configure:4213: gcc -o conftest  -DMAX_CPUS=1   conftest.c  >&5
configure:4213: $? = 0
configure:4213: result: yes
configure:4213: checking for memmove
configure:4213: gcc -o conftest  -DMAX_CPUS=1   conftest.c  >&5
conftest.c:68:6: warning: conflicting types for built-in function 'memmove' [enabled by default]
 char memmove ();
      ^
configure:4213: $? = 0
configure:4213: result: yes
configure:4213: checking for memset
configure:4213: gcc -o conftest  -DMAX_CPUS=1   conftest.c  >&5
conftest.c:69:6: warning: conflicting types for built-in function 'memset' [enabled by default]
 char memset ();
      ^
configure:4213: $? = 0
configure:4213: result: yes
configure:4213: checking for munmap
configure:4213: gcc -o conftest  -DMAX_CPUS=1   conftest.c  >&5
configure:4213: $? = 0
configure:4213: result: yes
configure:4213: checking for select
configure:4213: gcc -o conftest  -DMAX_CPUS=1   conftest.c  >&5
configure:4213: $? = 0
configure:4213: result: yes
configure:4213: checking for socket
configure:4213: gcc -o conftest  -DMAX_CPUS=1   conftest.c  >&5
configure:4213: $? = 0
configure:4213: result: yes
configure:4213: checking for strchr
configure:4213: gcc -o conftest  -DMAX_CPUS=1   conftest.c  >&5
conftest.c:73:6: warning: conflicting types for built-in function 'strchr' [enabled by default]
 char strchr ();
      ^
configure:4213: $? = 0
configure:4213: result: yes
configure:4213: checking for strerror
configure:4213: gcc -o conftest  -DMAX_CPUS=1   conftest.c  >&5
configure:4213: $? = 0
configure:4213: result: yes
configure:4213: checking for strstr
configure:4213: gcc -o conftest  -DMAX_CPUS=1   conftest.c  >&5
conftest.c:75:6: warning: conflicting types for built-in function 'strstr' [enabled by default]
 char strstr ();
      ^
configure:4213: $? = 0
configure:4213: result: yes
configure:4213: checking for strtol
configure:4213: gcc -o conftest  -DMAX_CPUS=1   conftest.c  >&5
configure:4213: $? = 0
configure:4213: result: yes
configure:4213: checking for mpz_init
configure:4213: gcc -o conftest  -DMAX_CPUS=1   conftest.c  >&5
/tmp/cct9Gjj6.o: In function `main':
conftest.c:(.text+0xa): undefined reference to `mpz_init'
collect2: error: ld returned 1 exit status
configure:4213: $? = 1
configure: failed program was:
| /* confdefs.h */
| #define PACKAGE_NAME "mtcp"
| #define PACKAGE_TARNAME "mtcp"
| #define PACKAGE_VERSION "3"
| #define PACKAGE_STRING "mtcp 3"
| #define PACKAGE_BUGREPORT "mtcp-user@list.ndsl.kaist.edu"
| #define PACKAGE_URL ""
| #define STDC_HEADERS 1
| #define HAVE_SYS_TYPES_H 1
| #define HAVE_SYS_STAT_H 1
| #define HAVE_STDLIB_H 1
| #define HAVE_STRING_H 1
| #define HAVE_MEMORY_H 1
| #define HAVE_STRINGS_H 1
| #define HAVE_INTTYPES_H 1
| #define HAVE_STDINT_H 1
| #define HAVE_UNISTD_H 1
| #define HAVE_LINUX_SCHED_H 1
| #define HAVE_PTHREAD_H 1
| #define HAVE_NUMA_H 1
| #define HAVE_ARPA_INET_H 1
| #define HAVE_FCNTL_H 1
| #define HAVE_LIMITS_H 1
| #define HAVE_NETDB_H 1
| #define HAVE_NETINET_IN_H 1
| #define HAVE_STDINT_H 1
| #define HAVE_STDLIB_H 1
| #define HAVE_STRING_H 1
| #define HAVE_SYS_IOCTL_H 1
| #define HAVE_SYS_SOCKET_H 1
| #define HAVE_SYS_TIME_H 1
| #define HAVE_UNISTD_H 1
| #define HAVE_STDLIB_H 1
| #define HAVE_MALLOC 1
| #define HAVE_STDLIB_H 1
| #define HAVE_UNISTD_H 1
| #define HAVE_SYS_PARAM_H 1
| #define HAVE_GETPAGESIZE 1
| #define HAVE_MMAP 1
| #define HAVE_BZERO 1
| #define HAVE_CLOCK_GETTIME 1
| #define HAVE_GETPAGESIZE 1
| #define HAVE_GETTIMEOFDAY 1
| #define HAVE_MEMMOVE 1
| #define HAVE_MEMSET 1
| #define HAVE_MUNMAP 1
| #define HAVE_SELECT 1
| #define HAVE_SOCKET 1
| #define HAVE_STRCHR 1
| #define HAVE_STRERROR 1
| #define HAVE_STRSTR 1
| #define HAVE_STRTOL 1
| /* end confdefs.h.  */
| /* Define mpz_init to an innocuous variant, in case <limits.h> declares mpz_init.
|    For example, HP-UX 11i <limits.h> declares gettimeofday.  */
| #define mpz_init innocuous_mpz_init
| 
| /* System header to define __stub macros and hopefully few prototypes,
|     which can conflict with char mpz_init (); below.
|     Prefer <limits.h> to <assert.h> if __STDC__ is defined, since
|     <limits.h> exists even on freestanding compilers.  */
| 
| #ifdef __STDC__
| # include <limits.h>
| #else
| # include <assert.h>
| #endif
| 
| #undef mpz_init
| 
| /* Override any GCC internal prototype to avoid an error.
|    Use char because int might match the return type of a GCC
|    builtin and then its argument prototype would still apply.  */
| #ifdef __cplusplus
| extern "C"
| #endif
| char mpz_init ();
| /* The GNU C library defines this for functions which it implements
|     to always fail with ENOSYS.  Some functions are actually named
|     something starting with __ and the normal name is an alias.  */
| #if defined __stub_mpz_init || defined __stub___mpz_init
| choke me
| #endif
| 
| int
| main ()
| {
| return mpz_init ();
|   ;
|   return 0;
| }
configure:4213: result: no
configure:4356: checking for a BSD-compatible install
configure:4424: result: /usr/bin/install -c
configure:4435: checking whether build environment is sane
configure:4490: result: yes
configure:4638: checking for a thread-safe mkdir -p
configure:4677: result: /bin/mkdir -p
configure:4684: checking for gawk
configure:4700: found /usr/bin/gawk
configure:4711: result: gawk
configure:4722: checking whether make sets $(MAKE)
configure:4744: result: yes
configure:4774: checking for style of include used by make
configure:4802: result: GNU
configure:4836: checking whether make supports nested variables
configure:4853: result: yes
configure:4939: checking dependency style of gcc
configure:5050: result: none
configure:5225: checking that generated files are newer than configure
configure:5231: result: done
configure:5254: creating ./config.status

## ---------------------- ##
## Running config.status. ##
## ---------------------- ##

This file was extended by mtcp config.status 3, which was
generated by GNU Autoconf 2.69.  Invocation command line was

  CONFIG_FILES    = 
  CONFIG_HEADERS  = 
  CONFIG_LINKS    = 
  CONFIG_COMMANDS = 
  $ ./config.status 

on rahul2514888

config.status:900: creating Makefile
config.status:900: creating mtcp/src/Makefile
config.status:900: creating config.h
config.status:1081: config.h is unchanged
config.status:1129: executing depfiles commands
configure:6686: checking that generated files are newer than configure
configure:6692: result: done
configure:6719: creating ./config.status

## ---------------------- ##
## Running config.status. ##
## ---------------------- ##

This file was extended by mtcp config.status 3, which was
generated by GNU Autoconf 2.69.  Invocation command line was

  CONFIG_FILES    = 
  CONFIG_HEADERS  = 
  CONFIG_LINKS    = 
  CONFIG_COMMANDS = 
  $ ./config.status 

on rahul2514888

config.status:901: creating Makefile
config.status:901: creating mtcp/src/Makefile
config.status:901: creating apps/example/Makefile
config.status:901: creating config.h
config.status:1082: config.h is unchanged
config.status:1130: executing depfiles commands
configure:8152: checking that generated files are newer than configure
configure:8158: result: done
configure:8189: creating ./config.status

## ---------------------- ##
## Running config.status. ##
## ---------------------- ##

This file was extended by mtcp config.status 3, which was
generated by GNU Autoconf 2.69.  Invocation command line was

  CONFIG_FILES    = 
  CONFIG_HEADERS  = 
  CONFIG_LINKS    = 
  CONFIG_COMMANDS = 
  $ ./config.status 

on rahul2514888

config.status:902: creating Makefile
config.status:902: creating mtcp/src/Makefile
config.status:902: creating apps/example/Makefile
config.status:902: creating util/Makefile
config.status:902: creating config.h
config.status:1083: config.h is unchanged
config.status:1131: executing depfiles commands
configure:9623: checking that generated files are newer than configure
configure:9629: result: done
configure:9664: creating ./config.status

## ---------------------- ##
## Running config.status. ##
## ---------------------- ##

This file was extended by mtcp config.status 3, which was
generated by GNU Autoconf 2.69.  Invocation command line was

  CONFIG_FILES    = 
  CONFIG_HEADERS  = 
  CONFIG_LINKS    = 
  CONFIG_COMMANDS = 
  $ ./config.status 

on rahul2514888

config.status:903: creating Makefile
config.status:903: creating mtcp/src/Makefile
config.status:903: creating apps/example/Makefile
config.status:903: creating util/Makefile
config.status:903: creating io_engine/lib/Makefile
config.status:903: creating config.h
config.status:1084: config.h is unchanged
config.status:1132: executing depfiles commands

## ---------------- ##
## Cache variables. ##
## ---------------- ##

ac_cv_c_compiler_gnu=yes
ac_cv_c_inline=inline
ac_cv_c_int16_t=yes
ac_cv_c_int32_t=yes
ac_cv_c_int64_t=yes
ac_cv_c_int8_t=yes
ac_cv_c_uint16_t=yes
ac_cv_c_uint32_t=yes
ac_cv_c_uint64_t=yes
ac_cv_c_uint8_t=yes
ac_cv_env_CC_set=
ac_cv_env_CC_value=
ac_cv_env_CFLAGS_set=set
ac_cv_env_CFLAGS_value=' -DMAX_CPUS=1'
ac_cv_env_CPPFLAGS_set=
ac_cv_env_CPPFLAGS_value=
ac_cv_env_CPP_set=
ac_cv_env_CPP_value=
ac_cv_env_LDFLAGS_set=
ac_cv_env_LDFLAGS_value=
ac_cv_env_LIBS_set=
ac_cv_env_LIBS_value=
ac_cv_env_build_alias_set=
ac_cv_env_build_alias_value=
ac_cv_env_host_alias_set=
ac_cv_env_host_alias_value=
ac_cv_env_target_alias_set=
ac_cv_env_target_alias_value=
ac_cv_func_bzero=yes
ac_cv_func_clock_gettime=yes
ac_cv_func_getpagesize=yes
ac_cv_func_gettimeofday=yes
ac_cv_func_malloc_0_nonnull=yes
ac_cv_func_memmove=yes
ac_cv_func_memset=yes
ac_cv_func_mmap_fixed_mapped=yes
ac_cv_func_mpz_init=no
ac_cv_func_munmap=yes
ac_cv_func_select=yes
ac_cv_func_socket=yes
ac_cv_func_strchr=yes
ac_cv_func_strerror=yes
ac_cv_func_strstr=yes
ac_cv_func_strtol=yes
ac_cv_header_arpa_inet_h=yes
ac_cv_header_fcntl_h=yes
ac_cv_header_gmp_h=no
ac_cv_header_inttypes_h=yes
ac_cv_header_limits_h=yes
ac_cv_header_linux_sched_h=yes
ac_cv_header_memory_h=yes
ac_cv_header_netdb_h=yes
ac_cv_header_netinet_in_h=yes
ac_cv_header_numa_h=yes
ac_cv_header_pthread_h=yes
ac_cv_header_stdc=yes
ac_cv_header_stdint_h=yes
ac_cv_header_stdlib_h=yes
ac_cv_header_string_h=yes
ac_cv_header_strings_h=yes
ac_cv_header_sys_ioctl_h=yes
ac_cv_header_sys_param_h=yes
ac_cv_header_sys_socket_h=yes
ac_cv_header_sys_stat_h=yes
ac_cv_header_sys_time_h=yes
ac_cv_header_sys_types_h=yes
ac_cv_header_unistd_h=yes
ac_cv_objext=o
ac_cv_path_EGREP='/bin/grep -E'
ac_cv_path_GREP=/bin/grep
ac_cv_path_install='/usr/bin/install -c'
ac_cv_path_mkdir=/bin/mkdir
ac_cv_prog_AWK=gawk
ac_cv_prog_CPP='gcc -E'
ac_cv_prog_ac_ct_CC=gcc
ac_cv_prog_ac_ct_RANLIB=ranlib
ac_cv_prog_cc_c89=
ac_cv_prog_cc_g=yes
ac_cv_prog_make_make_set=yes
ac_cv_type_pid_t=yes
ac_cv_type_size_t=yes
ac_cv_type_ssize_t=yes
am_cv_CC_dependencies_compiler_type=none
am_cv_make_support_nested_variables=yes
am_cv_prog_cc_c_o=yes

## ----------------- ##
## Output variables. ##
## ----------------- ##

ACLOCAL='${SHELL} /home/rahul2514888/trishal/amtcp/missing aclocal-1.15'
AMDEPBACKSLASH='\'
AMDEP_FALSE='#'
AMDEP_TRUE=''
AMTAR='$${TAR-tar}'
AM_BACKSLASH='\'
AM_DEFAULT_V='$(AM_DEFAULT_VERBOSITY)'
AM_DEFAULT_VERBOSITY='1'
AM_V='$(V)'
AUTOCONF='${SHELL} /home/rahul2514888/trishal/amtcp/missing autoconf'
AUTOHEADER='${SHELL} /home/rahul2514888/trishal/amtcp/missing autoheader'
AUTOMAKE='${SHELL} /home/rahul2514888/trishal/amtcp/missing automake-1.15'
AWK='gawk'
CC='gcc'
CCDEPMODE='depmode=none'
CFLAGS=' -DMAX_CPUS=1'
CPP='gcc -E'
CPPFLAGS=''
CYGPATH_W='echo'
DEFS='-DHAVE_CONFIG_H'
DEPDIR='.deps'
DPDK='0'
DPDKLIBPATH=''
DPDK_FALSE=''
DPDK_TRUE='#'
ECHO_C=''
ECHO_N='-n'
ECHO_T=''
EGREP='/bin/grep -E'
EXEEXT=''
GREP='/bin/grep'
HWCSUM='1'
INSTALL_DATA='${INSTALL} -m 644'
INSTALL_PROGRAM='${INSTALL}'
INSTALL_SCRIPT='${INSTALL}'
INSTALL_STRIP_PROGRAM='$(install_sh) -c -s'
LDFLAGS=''
LIBOBJS=''
LIBS=''
LRO='0'
LTLIBOBJS=''
MAKEINFO='${SHELL} /home/rahul2514888/trishal/amtcp/missing makeinfo'
MKDIR_P='/bin/mkdir -p'
NETMAP='1'
OBJEXT='o'
ONVM='0'
ONVMLIBPATH=''
PACKAGE='mtcp'
PACKAGE_BUGREPORT='mtcp-user@list.ndsl.kaist.edu'
PACKAGE_NAME='mtcp'
PACKAGE_STRING='mtcp 3'
PACKAGE_TARNAME='mtcp'
PACKAGE_URL=''
PACKAGE_VERSION='3'
PATH_SEPARATOR=':'
PSIO='0'
PSLIBPATH=''
RANLIB='ranlib'
SET_MAKE=''
SHELL='/bin/bash'
STRIP=''
VERSION='3'
ac_ct_CC='gcc'
am__EXEEXT_FALSE=''
am__EXEEXT_TRUE='#'
am__fastdepCC_FALSE=''
am__fastdepCC_TRUE='#'
am__include='include'
am__isrc=''
am__leading_dot='.'
am__nodep='_no'
am__quote=''
am__tar='$${TAR-tar} chof - "$$tardir"'
am__untar='$${TAR-tar} xf -'
bindir='${exec_prefix}/bin'
build_alias=''
datadir='${datarootdir}'
datarootdir='${prefix}/share'
docdir='${datarootdir}/doc/${PACKAGE_TARNAME}'
dvidir='${docdir}'
exec_prefix='${prefix}'
host_alias=''
htmldir='${docdir}'
includedir='${prefix}/include'
infodir='${datarootdir}/info'
install_sh='${SHELL} /home/rahul2514888/trishal/amtcp/install-sh'
libdir='${exec_prefix}/lib'
libexecdir='${exec_prefix}/libexec'
localedir='${datarootdir}/locale'
localstatedir='${prefix}/var'
mandir='${datarootdir}/man'
mkdir_p='$(MKDIR_P)'
oldincludedir='/usr/include'
pdfdir='${docdir}'
prefix='/usr/local'
program_transform_name='s,x,x,'
psdir='${docdir}'
sbindir='${exec_prefix}/sbin'
sharedstatedir='${prefix}/com'
sysconfdir='${prefix}/etc'
target_alias=''

## ----------- ##
## confdefs.h. ##
## ----------- ##

/* confdefs.h */
#define PACKAGE_NAME "mtcp"
#define PACKAGE_TARNAME "mtcp"
#define PACKAGE_VERSION "3"
#define PACKAGE_STRING "mtcp 3"
#define PACKAGE_BUGREPORT "mtcp-user@list.ndsl.kaist.edu"
#define PACKAGE_URL ""
#define STDC_HEADERS 1
#define HAVE_SYS_TYPES_H 1
#define HAVE_SYS_STAT_H 1
#define HAVE_STDLIB_H 1
#define HAVE_STRING_H 1
#define HAVE_MEMORY_H 1
#define HAVE_STRINGS_H 1
#define HAVE_INTTYPES_H 1
#define HAVE_STDINT_H 1
#define HAVE_UNISTD_H 1
#define HAVE_LINUX_SCHED_H 1
#define HAVE_PTHREAD_H 1
#define HAVE_NUMA_H 1
#define HAVE_ARPA_INET_H 1
#define HAVE_FCNTL_H 1
#define HAVE_LIMITS_H 1
#define HAVE_NETDB_H 1
#define HAVE_NETINET_IN_H 1
#define HAVE_STDINT_H 1
#define HAVE_STDLIB_H 1
#define HAVE_STRING_H 1
#define HAVE_SYS_IOCTL_H 1
#define HAVE_SYS_SOCKET_H 1
#define HAVE_SYS_TIME_H 1
#define HAVE_UNISTD_H 1
#define HAVE_STDLIB_H 1
#define HAVE_MALLOC 1
#define HAVE_STDLIB_H 1
#define HAVE_UNISTD_H 1
#define HAVE_SYS_PARAM_H 1
#define HAVE_GETPAGESIZE 1
#define HAVE_MMAP 1
#define HAVE_BZERO 1
#define HAVE_CLOCK_GETTIME 1
#define HAVE_GETPAGESIZE 1
#define HAVE_GETTIMEOFDAY 1
#define HAVE_MEMMOVE 1
#define HAVE_MEMSET 1
#define HAVE_MUNMAP 1
#define HAVE_SELECT 1
#define HAVE_SOCKET 1
#define HAVE_STRCHR 1
#define HAVE_STRERROR 1
#define HAVE_STRSTR 1
#define HAVE_STRTOL 1
#define PACKAGE "mtcp"
#define VERSION "3"

configure: exit 0
